[2025-03-22 16:51:38] Artist info for Hanging Garden:
[2025-03-22 16:51:38] Images:
Array
(
    [0] => Array
        (
            [#text] => https://lastfm.freetls.fastly.net/i/u/34s/2a96cbd8b46e442fc41c2b86b821562f.png
            [size] => small
        )

    [1] => Array
        (
            [#text] => https://lastfm.freetls.fastly.net/i/u/64s/2a96cbd8b46e442fc41c2b86b821562f.png
            [size] => medium
        )

    [2] => Array
        (
            [#text] => https://lastfm.freetls.fastly.net/i/u/174s/2a96cbd8b46e442fc41c2b86b821562f.png
            [size] => large
        )

    [3] => Array
        (
            [#text] => https://lastfm.freetls.fastly.net/i/u/300x300/2a96cbd8b46e442fc41c2b86b821562f.png
            [size] => extralarge
        )

    [4] => Array
        (
            [#text] => https://lastfm.freetls.fastly.net/i/u/300x300/2a96cbd8b46e442fc41c2b86b821562f.png
            [size] => mega
        )

    [5] => Array
        (
            [#text] => https://lastfm.freetls.fastly.net/i/u/300x300/2a96cbd8b46e442fc41c2b86b821562f.png
            [size] => 
        )

)

[2025-03-22 16:51:38] Artist info for Saturnus:
[2025-03-22 16:51:38] Images:
Array
(
    [0] => Array
        (
            [#text] => https://lastfm.freetls.fastly.net/i/u/34s/2a96cbd8b46e442fc41c2b86b821562f.png
            [size] => small
        )

    [1] => Array
        (
            [#text] => https://lastfm.freetls.fastly.net/i/u/64s/2a96cbd8b46e442fc41c2b86b821562f.png
            [size] => medium
        )

    [2] => Array
        (
            [#text] => https://lastfm.freetls.fastly.net/i/u/174s/2a96cbd8b46e442fc41c2b86b821562f.png
            [size] => large
        )

    [3] => Array
        (
            [#text] => https://lastfm.freetls.fastly.net/i/u/300x300/2a96cbd8b46e442fc41c2b86b821562f.png
            [size] => extralarge
        )

    [4] => Array
        (
            [#text] => https://lastfm.freetls.fastly.net/i/u/300x300/2a96cbd8b46e442fc41c2b86b821562f.png
            [size] => mega
        )

    [5] => Array
        (
            [#text] => https://lastfm.freetls.fastly.net/i/u/300x300/2a96cbd8b46e442fc41c2b86b821562f.png
            [size] => 
        )

)

[2025-03-22 16:51:39] Artist info for Dawn of Solace:
[2025-03-22 16:51:39] Images:
Array
(
    [0] => Array
        (
            [#text] => https://lastfm.freetls.fastly.net/i/u/34s/2a96cbd8b46e442fc41c2b86b821562f.png
            [size] => small
        )

    [1] => Array
        (
            [#text] => https://lastfm.freetls.fastly.net/i/u/64s/2a96cbd8b46e442fc41c2b86b821562f.png
            [size] => medium
        )

    [2] => Array
        (
            [#text] => https://lastfm.freetls.fastly.net/i/u/174s/2a96cbd8b46e442fc41c2b86b821562f.png
            [size] => large
        )

    [3] => Array
        (
            [#text] => https://lastfm.freetls.fastly.net/i/u/300x300/2a96cbd8b46e442fc41c2b86b821562f.png
            [size] => extralarge
        )

    [4] => Array
        (
            [#text] => https://lastfm.freetls.fastly.net/i/u/300x300/2a96cbd8b46e442fc41c2b86b821562f.png
            [size] => mega
        )

    [5] => Array
        (
            [#text] => https://lastfm.freetls.fastly.net/i/u/300x300/2a96cbd8b46e442fc41c2b86b821562f.png
            [size] => 
        )

)

[2025-03-22 16:51:39] Artist info for Daylight Dies:
[2025-03-22 16:51:39] Images:
Array
(
    [0] => Array
        (
            [#text] => https://lastfm.freetls.fastly.net/i/u/34s/2a96cbd8b46e442fc41c2b86b821562f.png
            [size] => small
        )

    [1] => Array
        (
            [#text] => https://lastfm.freetls.fastly.net/i/u/64s/2a96cbd8b46e442fc41c2b86b821562f.png
            [size] => medium
        )

    [2] => Array
        (
            [#text] => https://lastfm.freetls.fastly.net/i/u/174s/2a96cbd8b46e442fc41c2b86b821562f.png
            [size] => large
        )

    [3] => Array
        (
            [#text] => https://lastfm.freetls.fastly.net/i/u/300x300/2a96cbd8b46e442fc41c2b86b821562f.png
            [size] => extralarge
        )

    [4] => Array
        (
            [#text] => https://lastfm.freetls.fastly.net/i/u/300x300/2a96cbd8b46e442fc41c2b86b821562f.png
            [size] => mega
        )

    [5] => Array
        (
            [#text] => https://lastfm.freetls.fastly.net/i/u/300x300/2a96cbd8b46e442fc41c2b86b821562f.png
            [size] => 
        )

)

[2025-03-22 16:51:40] Artist info for Draconian:
[2025-03-22 16:51:40] Images:
Array
(
    [0] => Array
        (
            [#text] => https://lastfm.freetls.fastly.net/i/u/34s/2a96cbd8b46e442fc41c2b86b821562f.png
            [size] => small
        )

    [1] => Array
        (
            [#text] => https://lastfm.freetls.fastly.net/i/u/64s/2a96cbd8b46e442fc41c2b86b821562f.png
            [size] => medium
        )

    [2] => Array
        (
            [#text] => https://lastfm.freetls.fastly.net/i/u/174s/2a96cbd8b46e442fc41c2b86b821562f.png
            [size] => large
        )

    [3] => Array
        (
            [#text] => https://lastfm.freetls.fastly.net/i/u/300x300/2a96cbd8b46e442fc41c2b86b821562f.png
            [size] => extralarge
        )

    [4] => Array
        (
            [#text] => https://lastfm.freetls.fastly.net/i/u/300x300/2a96cbd8b46e442fc41c2b86b821562f.png
            [size] => mega
        )

    [5] => Array
        (
            [#text] => https://lastfm.freetls.fastly.net/i/u/300x300/2a96cbd8b46e442fc41c2b86b821562f.png
            [size] => 
        )

)

[2025-03-22 16:51:41] Artist info for My Dying Bride:
[2025-03-22 16:51:41] Images:
Array
(
    [0] => Array
        (
            [#text] => https://lastfm.freetls.fastly.net/i/u/34s/2a96cbd8b46e442fc41c2b86b821562f.png
            [size] => small
        )

    [1] => Array
        (
            [#text] => https://lastfm.freetls.fastly.net/i/u/64s/2a96cbd8b46e442fc41c2b86b821562f.png
            [size] => medium
        )

    [2] => Array
        (
            [#text] => https://lastfm.freetls.fastly.net/i/u/174s/2a96cbd8b46e442fc41c2b86b821562f.png
            [size] => large
        )

    [3] => Array
        (
            [#text] => https://lastfm.freetls.fastly.net/i/u/300x300/2a96cbd8b46e442fc41c2b86b821562f.png
            [size] => extralarge
        )

    [4] => Array
        (
            [#text] => https://lastfm.freetls.fastly.net/i/u/300x300/2a96cbd8b46e442fc41c2b86b821562f.png
            [size] => mega
        )

    [5] => Array
        (
            [#text] => https://lastfm.freetls.fastly.net/i/u/300x300/2a96cbd8b46e442fc41c2b86b821562f.png
            [size] => 
        )

)

[2025-03-22 16:51:41] Artist info for Ghost Brigade:
[2025-03-22 16:51:41] Images:
Array
(
    [0] => Array
        (
            [#text] => https://lastfm.freetls.fastly.net/i/u/34s/2a96cbd8b46e442fc41c2b86b821562f.png
            [size] => small
        )

    [1] => Array
        (
            [#text] => https://lastfm.freetls.fastly.net/i/u/64s/2a96cbd8b46e442fc41c2b86b821562f.png
            [size] => medium
        )

    [2] => Array
        (
            [#text] => https://lastfm.freetls.fastly.net/i/u/174s/2a96cbd8b46e442fc41c2b86b821562f.png
            [size] => large
        )

    [3] => Array
        (
            [#text] => https://lastfm.freetls.fastly.net/i/u/300x300/2a96cbd8b46e442fc41c2b86b821562f.png
            [size] => extralarge
        )

    [4] => Array
        (
            [#text] => https://lastfm.freetls.fastly.net/i/u/300x300/2a96cbd8b46e442fc41c2b86b821562f.png
            [size] => mega
        )

    [5] => Array
        (
            [#text] => https://lastfm.freetls.fastly.net/i/u/300x300/2a96cbd8b46e442fc41c2b86b821562f.png
            [size] => 
        )

)

[2025-03-22 16:51:41] Artist info for Trees Of Eternity:
[2025-03-22 16:51:41] Images:
Array
(
    [0] => Array
        (
            [#text] => https://lastfm.freetls.fastly.net/i/u/34s/2a96cbd8b46e442fc41c2b86b821562f.png
            [size] => small
        )

    [1] => Array
        (
            [#text] => https://lastfm.freetls.fastly.net/i/u/64s/2a96cbd8b46e442fc41c2b86b821562f.png
            [size] => medium
        )

    [2] => Array
        (
            [#text] => https://lastfm.freetls.fastly.net/i/u/174s/2a96cbd8b46e442fc41c2b86b821562f.png
            [size] => large
        )

    [3] => Array
        (
            [#text] => https://lastfm.freetls.fastly.net/i/u/300x300/2a96cbd8b46e442fc41c2b86b821562f.png
            [size] => extralarge
        )

    [4] => Array
        (
            [#text] => https://lastfm.freetls.fastly.net/i/u/300x300/2a96cbd8b46e442fc41c2b86b821562f.png
            [size] => mega
        )

    [5] => Array
        (
            [#text] => https://lastfm.freetls.fastly.net/i/u/300x300/2a96cbd8b46e442fc41c2b86b821562f.png
            [size] => 
        )

)

[2025-03-22 16:51:41] Artist info for Novembers Doom:
[2025-03-22 16:51:41] Images:
Array
(
    [0] => Array
        (
            [#text] => https://lastfm.freetls.fastly.net/i/u/34s/2a96cbd8b46e442fc41c2b86b821562f.png
            [size] => small
        )

    [1] => Array
        (
            [#text] => https://lastfm.freetls.fastly.net/i/u/64s/2a96cbd8b46e442fc41c2b86b821562f.png
            [size] => medium
        )

    [2] => Array
        (
            [#text] => https://lastfm.freetls.fastly.net/i/u/174s/2a96cbd8b46e442fc41c2b86b821562f.png
            [size] => large
        )

    [3] => Array
        (
            [#text] => https://lastfm.freetls.fastly.net/i/u/300x300/2a96cbd8b46e442fc41c2b86b821562f.png
            [size] => extralarge
        )

    [4] => Array
        (
            [#text] => https://lastfm.freetls.fastly.net/i/u/300x300/2a96cbd8b46e442fc41c2b86b821562f.png
            [size] => mega
        )

    [5] => Array
        (
            [#text] => https://lastfm.freetls.fastly.net/i/u/300x300/2a96cbd8b46e442fc41c2b86b821562f.png
            [size] => 
        )

)

[2025-03-22 16:51:41] Artist info for Hallatar:
[2025-03-22 16:51:41] Images:
Array
(
    [0] => Array
        (
            [#text] => https://lastfm.freetls.fastly.net/i/u/34s/2a96cbd8b46e442fc41c2b86b821562f.png
            [size] => small
        )

    [1] => Array
        (
            [#text] => https://lastfm.freetls.fastly.net/i/u/64s/2a96cbd8b46e442fc41c2b86b821562f.png
            [size] => medium
        )

    [2] => Array
        (
            [#text] => https://lastfm.freetls.fastly.net/i/u/174s/2a96cbd8b46e442fc41c2b86b821562f.png
            [size] => large
        )

    [3] => Array
        (
            [#text] => https://lastfm.freetls.fastly.net/i/u/300x300/2a96cbd8b46e442fc41c2b86b821562f.png
            [size] => extralarge
        )

    [4] => Array
        (
            [#text] => https://lastfm.freetls.fastly.net/i/u/300x300/2a96cbd8b46e442fc41c2b86b821562f.png
            [size] => mega
        )

    [5] => Array
        (
            [#text] => https://lastfm.freetls.fastly.net/i/u/300x300/2a96cbd8b46e442fc41c2b86b821562f.png
            [size] => 
        )

)

[2025-03-22 16:52:55] Artist info for Gunship:
[2025-03-22 16:52:55] Images:
Array
(
    [0] => Array
        (
            [#text] => https://lastfm.freetls.fastly.net/i/u/34s/2a96cbd8b46e442fc41c2b86b821562f.png
            [size] => small
        )

    [1] => Array
        (
            [#text] => https://lastfm.freetls.fastly.net/i/u/64s/2a96cbd8b46e442fc41c2b86b821562f.png
            [size] => medium
        )

    [2] => Array
        (
            [#text] => https://lastfm.freetls.fastly.net/i/u/174s/2a96cbd8b46e442fc41c2b86b821562f.png
            [size] => large
        )

    [3] => Array
        (
            [#text] => https://lastfm.freetls.fastly.net/i/u/300x300/2a96cbd8b46e442fc41c2b86b821562f.png
            [size] => extralarge
        )

    [4] => Array
        (
            [#text] => https://lastfm.freetls.fastly.net/i/u/300x300/2a96cbd8b46e442fc41c2b86b821562f.png
            [size] => mega
        )

    [5] => Array
        (
            [#text] => https://lastfm.freetls.fastly.net/i/u/300x300/2a96cbd8b46e442fc41c2b86b821562f.png
            [size] => 
        )

)

[2025-03-22 16:52:56] Artist info for The Bad Dreamers:
[2025-03-22 16:52:56] Images:
Array
(
    [0] => Array
        (
            [#text] => https://lastfm.freetls.fastly.net/i/u/34s/2a96cbd8b46e442fc41c2b86b821562f.png
            [size] => small
        )

    [1] => Array
        (
            [#text] => https://lastfm.freetls.fastly.net/i/u/64s/2a96cbd8b46e442fc41c2b86b821562f.png
            [size] => medium
        )

    [2] => Array
        (
            [#text] => https://lastfm.freetls.fastly.net/i/u/174s/2a96cbd8b46e442fc41c2b86b821562f.png
            [size] => large
        )

    [3] => Array
        (
            [#text] => https://lastfm.freetls.fastly.net/i/u/300x300/2a96cbd8b46e442fc41c2b86b821562f.png
            [size] => extralarge
        )

    [4] => Array
        (
            [#text] => https://lastfm.freetls.fastly.net/i/u/300x300/2a96cbd8b46e442fc41c2b86b821562f.png
            [size] => mega
        )

    [5] => Array
        (
            [#text] => https://lastfm.freetls.fastly.net/i/u/300x300/2a96cbd8b46e442fc41c2b86b821562f.png
            [size] => 
        )

)

[2025-03-22 16:52:56] Artist info for Kalax:
[2025-03-22 16:52:56] Images:
Array
(
    [0] => Array
        (
            [#text] => https://lastfm.freetls.fastly.net/i/u/34s/2a96cbd8b46e442fc41c2b86b821562f.png
            [size] => small
        )

    [1] => Array
        (
            [#text] => https://lastfm.freetls.fastly.net/i/u/64s/2a96cbd8b46e442fc41c2b86b821562f.png
            [size] => medium
        )

    [2] => Array
        (
            [#text] => https://lastfm.freetls.fastly.net/i/u/174s/2a96cbd8b46e442fc41c2b86b821562f.png
            [size] => large
        )

    [3] => Array
        (
            [#text] => https://lastfm.freetls.fastly.net/i/u/300x300/2a96cbd8b46e442fc41c2b86b821562f.png
            [size] => extralarge
        )

    [4] => Array
        (
            [#text] => https://lastfm.freetls.fastly.net/i/u/300x300/2a96cbd8b46e442fc41c2b86b821562f.png
            [size] => mega
        )

    [5] => Array
        (
            [#text] => https://lastfm.freetls.fastly.net/i/u/300x300/2a96cbd8b46e442fc41c2b86b821562f.png
            [size] => 
        )

)

[2025-03-22 16:52:56] Artist info for Timecop1983:
[2025-03-22 16:52:56] Images:
Array
(
    [0] => Array
        (
            [#text] => https://lastfm.freetls.fastly.net/i/u/34s/2a96cbd8b46e442fc41c2b86b821562f.png
            [size] => small
        )

    [1] => Array
        (
            [#text] => https://lastfm.freetls.fastly.net/i/u/64s/2a96cbd8b46e442fc41c2b86b821562f.png
            [size] => medium
        )

    [2] => Array
        (
            [#text] => https://lastfm.freetls.fastly.net/i/u/174s/2a96cbd8b46e442fc41c2b86b821562f.png
            [size] => large
        )

    [3] => Array
        (
            [#text] => https://lastfm.freetls.fastly.net/i/u/300x300/2a96cbd8b46e442fc41c2b86b821562f.png
            [size] => extralarge
        )

    [4] => Array
        (
            [#text] => https://lastfm.freetls.fastly.net/i/u/300x300/2a96cbd8b46e442fc41c2b86b821562f.png
            [size] => mega
        )

    [5] => Array
        (
            [#text] => https://lastfm.freetls.fastly.net/i/u/300x300/2a96cbd8b46e442fc41c2b86b821562f.png
            [size] => 
        )

)

[2025-03-22 16:52:56] Artist info for michael oakley:
[2025-03-22 16:52:56] Images:
Array
(
    [0] => Array
        (
            [#text] => https://lastfm.freetls.fastly.net/i/u/34s/2a96cbd8b46e442fc41c2b86b821562f.png
            [size] => small
        )

    [1] => Array
        (
            [#text] => https://lastfm.freetls.fastly.net/i/u/64s/2a96cbd8b46e442fc41c2b86b821562f.png
            [size] => medium
        )

    [2] => Array
        (
            [#text] => https://lastfm.freetls.fastly.net/i/u/174s/2a96cbd8b46e442fc41c2b86b821562f.png
            [size] => large
        )

    [3] => Array
        (
            [#text] => https://lastfm.freetls.fastly.net/i/u/300x300/2a96cbd8b46e442fc41c2b86b821562f.png
            [size] => extralarge
        )

    [4] => Array
        (
            [#text] => https://lastfm.freetls.fastly.net/i/u/300x300/2a96cbd8b46e442fc41c2b86b821562f.png
            [size] => mega
        )

    [5] => Array
        (
            [#text] => https://lastfm.freetls.fastly.net/i/u/300x300/2a96cbd8b46e442fc41c2b86b821562f.png
            [size] => 
        )

)

[2025-03-22 16:52:56] Artist info for September 87:
[2025-03-22 16:52:56] Images:
Array
(
    [0] => Array
        (
            [#text] => https://lastfm.freetls.fastly.net/i/u/34s/2a96cbd8b46e442fc41c2b86b821562f.png
            [size] => small
        )

    [1] => Array
        (
            [#text] => https://lastfm.freetls.fastly.net/i/u/64s/2a96cbd8b46e442fc41c2b86b821562f.png
            [size] => medium
        )

    [2] => Array
        (
            [#text] => https://lastfm.freetls.fastly.net/i/u/174s/2a96cbd8b46e442fc41c2b86b821562f.png
            [size] => large
        )

    [3] => Array
        (
            [#text] => https://lastfm.freetls.fastly.net/i/u/300x300/2a96cbd8b46e442fc41c2b86b821562f.png
            [size] => extralarge
        )

    [4] => Array
        (
            [#text] => https://lastfm.freetls.fastly.net/i/u/300x300/2a96cbd8b46e442fc41c2b86b821562f.png
            [size] => mega
        )

    [5] => Array
        (
            [#text] => https://lastfm.freetls.fastly.net/i/u/300x300/2a96cbd8b46e442fc41c2b86b821562f.png
            [size] => 
        )

)

[2025-03-22 16:52:57] Artist info for LeBrock:
[2025-03-22 16:52:57] Images:
Array
(
    [0] => Array
        (
            [#text] => https://lastfm.freetls.fastly.net/i/u/34s/2a96cbd8b46e442fc41c2b86b821562f.png
            [size] => small
        )

    [1] => Array
        (
            [#text] => https://lastfm.freetls.fastly.net/i/u/64s/2a96cbd8b46e442fc41c2b86b821562f.png
            [size] => medium
        )

    [2] => Array
        (
            [#text] => https://lastfm.freetls.fastly.net/i/u/174s/2a96cbd8b46e442fc41c2b86b821562f.png
            [size] => large
        )

    [3] => Array
        (
            [#text] => https://lastfm.freetls.fastly.net/i/u/300x300/2a96cbd8b46e442fc41c2b86b821562f.png
            [size] => extralarge
        )

    [4] => Array
        (
            [#text] => https://lastfm.freetls.fastly.net/i/u/300x300/2a96cbd8b46e442fc41c2b86b821562f.png
            [size] => mega
        )

    [5] => Array
        (
            [#text] => https://lastfm.freetls.fastly.net/i/u/300x300/2a96cbd8b46e442fc41c2b86b821562f.png
            [size] => 
        )

)

[2025-03-22 16:52:57] Artist info for FM-84:
[2025-03-22 16:52:57] Images:
Array
(
    [0] => Array
        (
            [#text] => https://lastfm.freetls.fastly.net/i/u/34s/2a96cbd8b46e442fc41c2b86b821562f.png
            [size] => small
        )

    [1] => Array
        (
            [#text] => https://lastfm.freetls.fastly.net/i/u/64s/2a96cbd8b46e442fc41c2b86b821562f.png
            [size] => medium
        )

    [2] => Array
        (
            [#text] => https://lastfm.freetls.fastly.net/i/u/174s/2a96cbd8b46e442fc41c2b86b821562f.png
            [size] => large
        )

    [3] => Array
        (
            [#text] => https://lastfm.freetls.fastly.net/i/u/300x300/2a96cbd8b46e442fc41c2b86b821562f.png
            [size] => extralarge
        )

    [4] => Array
        (
            [#text] => https://lastfm.freetls.fastly.net/i/u/300x300/2a96cbd8b46e442fc41c2b86b821562f.png
            [size] => mega
        )

    [5] => Array
        (
            [#text] => https://lastfm.freetls.fastly.net/i/u/300x300/2a96cbd8b46e442fc41c2b86b821562f.png
            [size] => 
        )

)

[2025-03-22 16:52:57] Artist info for W O L F C L U B:
[2025-03-22 16:52:57] Images:
Array
(
    [0] => Array
        (
            [#text] => https://lastfm.freetls.fastly.net/i/u/34s/2a96cbd8b46e442fc41c2b86b821562f.png
            [size] => small
        )

    [1] => Array
        (
            [#text] => https://lastfm.freetls.fastly.net/i/u/64s/2a96cbd8b46e442fc41c2b86b821562f.png
            [size] => medium
        )

    [2] => Array
        (
            [#text] => https://lastfm.freetls.fastly.net/i/u/174s/2a96cbd8b46e442fc41c2b86b821562f.png
            [size] => large
        )

    [3] => Array
        (
            [#text] => https://lastfm.freetls.fastly.net/i/u/300x300/2a96cbd8b46e442fc41c2b86b821562f.png
            [size] => extralarge
        )

    [4] => Array
        (
            [#text] => https://lastfm.freetls.fastly.net/i/u/300x300/2a96cbd8b46e442fc41c2b86b821562f.png
            [size] => mega
        )

    [5] => Array
        (
            [#text] => https://lastfm.freetls.fastly.net/i/u/300x300/2a96cbd8b46e442fc41c2b86b821562f.png
            [size] => 
        )

)

[2025-03-22 16:52:57] Artist info for Ollie Wride:
[2025-03-22 16:52:57] Images:
Array
(
    [0] => Array
        (
            [#text] => https://lastfm.freetls.fastly.net/i/u/34s/2a96cbd8b46e442fc41c2b86b821562f.png
            [size] => small
        )

    [1] => Array
        (
            [#text] => https://lastfm.freetls.fastly.net/i/u/64s/2a96cbd8b46e442fc41c2b86b821562f.png
            [size] => medium
        )

    [2] => Array
        (
            [#text] => https://lastfm.freetls.fastly.net/i/u/174s/2a96cbd8b46e442fc41c2b86b821562f.png
            [size] => large
        )

    [3] => Array
        (
            [#text] => https://lastfm.freetls.fastly.net/i/u/300x300/2a96cbd8b46e442fc41c2b86b821562f.png
            [size] => extralarge
        )

    [4] => Array
        (
            [#text] => https://lastfm.freetls.fastly.net/i/u/300x300/2a96cbd8b46e442fc41c2b86b821562f.png
            [size] => mega
        )

    [5] => Array
        (
            [#text] => https://lastfm.freetls.fastly.net/i/u/300x300/2a96cbd8b46e442fc41c2b86b821562f.png
            [size] => 
        )

)

[2025-03-22 16:59:10] Artist info for Jordan F:
[2025-03-22 16:59:10] Images:
Array
(
    [0] => Array
        (
            [#text] => https://lastfm.freetls.fastly.net/i/u/34s/2a96cbd8b46e442fc41c2b86b821562f.png
            [size] => small
        )

    [1] => Array
        (
            [#text] => https://lastfm.freetls.fastly.net/i/u/64s/2a96cbd8b46e442fc41c2b86b821562f.png
            [size] => medium
        )

    [2] => Array
        (
            [#text] => https://lastfm.freetls.fastly.net/i/u/174s/2a96cbd8b46e442fc41c2b86b821562f.png
            [size] => large
        )

    [3] => Array
        (
            [#text] => https://lastfm.freetls.fastly.net/i/u/300x300/2a96cbd8b46e442fc41c2b86b821562f.png
            [size] => extralarge
        )

    [4] => Array
        (
            [#text] => https://lastfm.freetls.fastly.net/i/u/300x300/2a96cbd8b46e442fc41c2b86b821562f.png
            [size] => mega
        )

    [5] => Array
        (
            [#text] => https://lastfm.freetls.fastly.net/i/u/300x300/2a96cbd8b46e442fc41c2b86b821562f.png
            [size] => 
        )

)

[2025-03-22 16:59:10] Artist info for Droid Bishop:
[2025-03-22 16:59:10] Images:
Array
(
    [0] => Array
        (
            [#text] => https://lastfm.freetls.fastly.net/i/u/34s/2a96cbd8b46e442fc41c2b86b821562f.png
            [size] => small
        )

    [1] => Array
        (
            [#text] => https://lastfm.freetls.fastly.net/i/u/64s/2a96cbd8b46e442fc41c2b86b821562f.png
            [size] => medium
        )

    [2] => Array
        (
            [#text] => https://lastfm.freetls.fastly.net/i/u/174s/2a96cbd8b46e442fc41c2b86b821562f.png
            [size] => large
        )

    [3] => Array
        (
            [#text] => https://lastfm.freetls.fastly.net/i/u/300x300/2a96cbd8b46e442fc41c2b86b821562f.png
            [size] => extralarge
        )

    [4] => Array
        (
            [#text] => https://lastfm.freetls.fastly.net/i/u/300x300/2a96cbd8b46e442fc41c2b86b821562f.png
            [size] => mega
        )

    [5] => Array
        (
            [#text] => https://lastfm.freetls.fastly.net/i/u/300x300/2a96cbd8b46e442fc41c2b86b821562f.png
            [size] => 
        )

)

[2025-03-22 16:59:11] Artist info for Waveshaper:
[2025-03-22 16:59:11] Images:
Array
(
    [0] => Array
        (
            [#text] => https://lastfm.freetls.fastly.net/i/u/34s/2a96cbd8b46e442fc41c2b86b821562f.png
            [size] => small
        )

    [1] => Array
        (
            [#text] => https://lastfm.freetls.fastly.net/i/u/64s/2a96cbd8b46e442fc41c2b86b821562f.png
            [size] => medium
        )

    [2] => Array
        (
            [#text] => https://lastfm.freetls.fastly.net/i/u/174s/2a96cbd8b46e442fc41c2b86b821562f.png
            [size] => large
        )

    [3] => Array
        (
            [#text] => https://lastfm.freetls.fastly.net/i/u/300x300/2a96cbd8b46e442fc41c2b86b821562f.png
            [size] => extralarge
        )

    [4] => Array
        (
            [#text] => https://lastfm.freetls.fastly.net/i/u/300x300/2a96cbd8b46e442fc41c2b86b821562f.png
            [size] => mega
        )

    [5] => Array
        (
            [#text] => https://lastfm.freetls.fastly.net/i/u/300x300/2a96cbd8b46e442fc41c2b86b821562f.png
            [size] => 
        )

)

[2025-03-22 16:59:11] Artist info for Phaserland:
[2025-03-22 16:59:11] Images:
Array
(
    [0] => Array
        (
            [#text] => https://lastfm.freetls.fastly.net/i/u/34s/2a96cbd8b46e442fc41c2b86b821562f.png
            [size] => small
        )

    [1] => Array
        (
            [#text] => https://lastfm.freetls.fastly.net/i/u/64s/2a96cbd8b46e442fc41c2b86b821562f.png
            [size] => medium
        )

    [2] => Array
        (
            [#text] => https://lastfm.freetls.fastly.net/i/u/174s/2a96cbd8b46e442fc41c2b86b821562f.png
            [size] => large
        )

    [3] => Array
        (
            [#text] => https://lastfm.freetls.fastly.net/i/u/300x300/2a96cbd8b46e442fc41c2b86b821562f.png
            [size] => extralarge
        )

    [4] => Array
        (
            [#text] => https://lastfm.freetls.fastly.net/i/u/300x300/2a96cbd8b46e442fc41c2b86b821562f.png
            [size] => mega
        )

    [5] => Array
        (
            [#text] => https://lastfm.freetls.fastly.net/i/u/300x300/2a96cbd8b46e442fc41c2b86b821562f.png
            [size] => 
        )

)

[2025-03-22 16:59:11] Artist info for Betamaxx:
[2025-03-22 16:59:11] Images:
Array
(
    [0] => Array
        (
            [#text] => https://lastfm.freetls.fastly.net/i/u/34s/2a96cbd8b46e442fc41c2b86b821562f.png
            [size] => small
        )

    [1] => Array
        (
            [#text] => https://lastfm.freetls.fastly.net/i/u/64s/2a96cbd8b46e442fc41c2b86b821562f.png
            [size] => medium
        )

    [2] => Array
        (
            [#text] => https://lastfm.freetls.fastly.net/i/u/174s/2a96cbd8b46e442fc41c2b86b821562f.png
            [size] => large
        )

    [3] => Array
        (
            [#text] => https://lastfm.freetls.fastly.net/i/u/300x300/2a96cbd8b46e442fc41c2b86b821562f.png
            [size] => extralarge
        )

    [4] => Array
        (
            [#text] => https://lastfm.freetls.fastly.net/i/u/300x300/2a96cbd8b46e442fc41c2b86b821562f.png
            [size] => mega
        )

    [5] => Array
        (
            [#text] => https://lastfm.freetls.fastly.net/i/u/300x300/2a96cbd8b46e442fc41c2b86b821562f.png
            [size] => 
        )

)

[2025-03-22 16:59:11] Artist info for Lazerhawk:
[2025-03-22 16:59:11] Images:
Array
(
    [0] => Array
        (
            [#text] => https://lastfm.freetls.fastly.net/i/u/34s/2a96cbd8b46e442fc41c2b86b821562f.png
            [size] => small
        )

    [1] => Array
        (
            [#text] => https://lastfm.freetls.fastly.net/i/u/64s/2a96cbd8b46e442fc41c2b86b821562f.png
            [size] => medium
        )

    [2] => Array
        (
            [#text] => https://lastfm.freetls.fastly.net/i/u/174s/2a96cbd8b46e442fc41c2b86b821562f.png
            [size] => large
        )

    [3] => Array
        (
            [#text] => https://lastfm.freetls.fastly.net/i/u/300x300/2a96cbd8b46e442fc41c2b86b821562f.png
            [size] => extralarge
        )

    [4] => Array
        (
            [#text] => https://lastfm.freetls.fastly.net/i/u/300x300/2a96cbd8b46e442fc41c2b86b821562f.png
            [size] => mega
        )

    [5] => Array
        (
            [#text] => https://lastfm.freetls.fastly.net/i/u/300x300/2a96cbd8b46e442fc41c2b86b821562f.png
            [size] => 
        )

)

[2025-03-22 16:59:12] Artist info for Miami Nights 1984:
[2025-03-22 16:59:12] Images:
Array
(
    [0] => Array
        (
            [#text] => https://lastfm.freetls.fastly.net/i/u/34s/2a96cbd8b46e442fc41c2b86b821562f.png
            [size] => small
        )

    [1] => Array
        (
            [#text] => https://lastfm.freetls.fastly.net/i/u/64s/2a96cbd8b46e442fc41c2b86b821562f.png
            [size] => medium
        )

    [2] => Array
        (
            [#text] => https://lastfm.freetls.fastly.net/i/u/174s/2a96cbd8b46e442fc41c2b86b821562f.png
            [size] => large
        )

    [3] => Array
        (
            [#text] => https://lastfm.freetls.fastly.net/i/u/300x300/2a96cbd8b46e442fc41c2b86b821562f.png
            [size] => extralarge
        )

    [4] => Array
        (
            [#text] => https://lastfm.freetls.fastly.net/i/u/300x300/2a96cbd8b46e442fc41c2b86b821562f.png
            [size] => mega
        )

    [5] => Array
        (
            [#text] => https://lastfm.freetls.fastly.net/i/u/300x300/2a96cbd8b46e442fc41c2b86b821562f.png
            [size] => 
        )

)

[2025-03-22 16:59:12] Artist info for Duett:
[2025-03-22 16:59:12] Images:
Array
(
    [0] => Array
        (
            [#text] => https://lastfm.freetls.fastly.net/i/u/34s/2a96cbd8b46e442fc41c2b86b821562f.png
            [size] => small
        )

    [1] => Array
        (
            [#text] => https://lastfm.freetls.fastly.net/i/u/64s/2a96cbd8b46e442fc41c2b86b821562f.png
            [size] => medium
        )

    [2] => Array
        (
            [#text] => https://lastfm.freetls.fastly.net/i/u/174s/2a96cbd8b46e442fc41c2b86b821562f.png
            [size] => large
        )

    [3] => Array
        (
            [#text] => https://lastfm.freetls.fastly.net/i/u/300x300/2a96cbd8b46e442fc41c2b86b821562f.png
            [size] => extralarge
        )

    [4] => Array
        (
            [#text] => https://lastfm.freetls.fastly.net/i/u/300x300/2a96cbd8b46e442fc41c2b86b821562f.png
            [size] => mega
        )

    [5] => Array
        (
            [#text] => https://lastfm.freetls.fastly.net/i/u/300x300/2a96cbd8b46e442fc41c2b86b821562f.png
            [size] => 
        )

)

[2025-03-22 16:59:12] Artist info for Dynatron:
[2025-03-22 16:59:12] Images:
Array
(
    [0] => Array
        (
            [#text] => https://lastfm.freetls.fastly.net/i/u/34s/2a96cbd8b46e442fc41c2b86b821562f.png
            [size] => small
        )

    [1] => Array
        (
            [#text] => https://lastfm.freetls.fastly.net/i/u/64s/2a96cbd8b46e442fc41c2b86b821562f.png
            [size] => medium
        )

    [2] => Array
        (
            [#text] => https://lastfm.freetls.fastly.net/i/u/174s/2a96cbd8b46e442fc41c2b86b821562f.png
            [size] => large
        )

    [3] => Array
        (
            [#text] => https://lastfm.freetls.fastly.net/i/u/300x300/2a96cbd8b46e442fc41c2b86b821562f.png
            [size] => extralarge
        )

    [4] => Array
        (
            [#text] => https://lastfm.freetls.fastly.net/i/u/300x300/2a96cbd8b46e442fc41c2b86b821562f.png
            [size] => mega
        )

    [5] => Array
        (
            [#text] => https://lastfm.freetls.fastly.net/i/u/300x300/2a96cbd8b46e442fc41c2b86b821562f.png
            [size] => 
        )

)

[2025-03-22 16:59:12] Artist info for Lost Years:
[2025-03-22 16:59:12] Images:
Array
(
    [0] => Array
        (
            [#text] => https://lastfm.freetls.fastly.net/i/u/34s/2a96cbd8b46e442fc41c2b86b821562f.png
            [size] => small
        )

    [1] => Array
        (
            [#text] => https://lastfm.freetls.fastly.net/i/u/64s/2a96cbd8b46e442fc41c2b86b821562f.png
            [size] => medium
        )

    [2] => Array
        (
            [#text] => https://lastfm.freetls.fastly.net/i/u/174s/2a96cbd8b46e442fc41c2b86b821562f.png
            [size] => large
        )

    [3] => Array
        (
            [#text] => https://lastfm.freetls.fastly.net/i/u/300x300/2a96cbd8b46e442fc41c2b86b821562f.png
            [size] => extralarge
        )

    [4] => Array
        (
            [#text] => https://lastfm.freetls.fastly.net/i/u/300x300/2a96cbd8b46e442fc41c2b86b821562f.png
            [size] => mega
        )

    [5] => Array
        (
            [#text] => https://lastfm.freetls.fastly.net/i/u/300x300/2a96cbd8b46e442fc41c2b86b821562f.png
            [size] => 
        )

)

[2025-03-22 17:00:16] Found image for Daylight Dies:
[2025-03-22 17:00:16] Found image for Paradise Lost:
[2025-03-22 17:00:16] Found image for My Dying Bride:
[2025-03-22 17:00:16] Found image for The Foreshadowing:
[2025-03-22 17:00:18] Found image for October Tide:
[2025-03-22 17:00:18] Found image for Opeth:
[2025-03-22 17:00:19] Found image for Anathema:
[2025-03-22 17:00:19] Found image for Swallow the Sun:
[2025-03-22 17:00:19] Found image for Draconian:
[2025-03-22 17:00:19] Found image for Soen:
[2025-03-22 17:12:44] Generated image URL for Soilwork:
https://lastfm.freetls.fastly.net/i/u/avatar170s/8edf4531385941dfc85e3f3d3e32d24f.jpg
[2025-03-22 17:12:44] Generated image URL for Amon Amarth:
https://lastfm.freetls.fastly.net/i/u/avatar170s/942c9f2520684c22eb6216a92b711f9e.jpg
[2025-03-22 17:12:45] Generated image URL for The Halo Effect:
https://lastfm.freetls.fastly.net/i/u/avatar170s/1c62394f457ee9a56b0885f622299ea2.jpg
[2025-03-22 17:12:45] Generated image URL for Children of Bodom:
https://lastfm.freetls.fastly.net/i/u/avatar170s/77f2b3ea9e4bd785f5ff322bae51ba07.jpg
[2025-03-22 17:12:45] Generated image URL for Sonic Syndicate:
https://lastfm.freetls.fastly.net/i/u/avatar170s/5a139f7bf18d5142b0e0c4d51040532e.jpg
[2025-03-22 17:12:45] Generated image URL for Arch Enemy:
https://lastfm.freetls.fastly.net/i/u/avatar170s/108c58fc39b79afc55fac7d9edf4aa2a.jpg
[2025-03-22 17:12:46] Generated image URL for At the Gates:
https://lastfm.freetls.fastly.net/i/u/avatar170s/9a322166803a48932356586f05ef83c7.jpg
[2025-03-22 17:12:46] Generated image URL for Scar Symmetry:
https://lastfm.freetls.fastly.net/i/u/avatar170s/62f08fc65e317cfba95dc423c795b95d.jpg
[2025-03-22 17:12:46] Generated image URL for Insomnium:
https://lastfm.freetls.fastly.net/i/u/avatar170s/6a82397b3a69a3c1f3f4dd6a04f21003.jpg
[2025-03-22 17:12:46] Generated image URL for Dark Tranquillity:
https://lastfm.freetls.fastly.net/i/u/avatar170s/264787c512ab45a01e4e28509ded6f6d.jpg
[2025-03-22 17:23:24] Scraped image for Keep of Kalessin:
https://lastfm.freetls.fastly.net/i/u/ar0/a23ebe2869384b00a2793535df1b74f3.jpg
[2025-03-22 17:23:26] Scraped image for Arcturus:
https://lastfm.freetls.fastly.net/i/u/ar0/f06886b4556a4b1cb17f12a82e5e8ec1.jpg
[2025-03-22 17:23:29] Scraped image for Abigor:
https://lastfm.freetls.fastly.net/i/u/ar0/8503708ad82c95729958705efcbe451f.jpg
[2025-03-22 17:23:31] Scraped image for Obtained Enslavement:
https://lastfm.freetls.fastly.net/i/u/ar0/96b0e136d35c460dc686a24053974a1f.jpg
[2025-03-22 17:23:32] Scraped image for Old Man's Child:
https://lastfm.freetls.fastly.net/i/u/ar0/a12ff78d33a997e4ebc6edc5c625913d.jpg
[2025-03-22 17:23:34] Scraped image for Solefald:
https://lastfm.freetls.fastly.net/i/u/ar0/73948fc2e4fdfa6ffcd18c7bcf18d27b.jpg
[2025-03-22 17:23:36] Scraped image for Dødheimsgard:
https://lastfm.freetls.fastly.net/i/u/ar0/eb1eaf5233fc97741f45aa48a76b9aa0.jpg
[2025-03-22 17:23:38] Scraped image for Limbonic Art:
https://lastfm.freetls.fastly.net/i/u/ar0/1ff2d4a5871d6ede054ae3c415b5ef2b.jpg
[2025-03-22 17:23:39] Scraped image for Ancient:
https://lastfm.freetls.fastly.net/i/u/ar0/56d7795e2e9049c39bee8e218d66f603.jpg
[2025-03-22 17:23:41] Scraped image for Sigh:
https://lastfm.freetls.fastly.net/i/u/ar0/e09e55758889236fd95bda71d7ea9bd9.jpg
[2025-03-22 17:28:23] Scraped image for Saturnus:
https://lastfm.freetls.fastly.net/i/u/ar0/36924b2e585f4f41840d879e4480811a.jpg
[2025-03-22 17:28:24] Scraped image for Ghost Brigade:
https://lastfm.freetls.fastly.net/i/u/ar0/da0d520b3274439e82b95bf290b4b416.jpg
[2025-03-22 17:28:26] Scraped image for My Dying Bride:
https://lastfm.freetls.fastly.net/i/u/ar0/c6ae02e6c9e210b7c544eafb311809b5.jpg
[2025-03-22 17:28:28] Scraped image for Hallatar:
https://lastfm.freetls.fastly.net/i/u/ar0/6a7a05f5f89ca699dd43f521c23c9f51.jpg
[2025-03-22 17:28:29] Scraped image for Daylight Dies:
https://lastfm.freetls.fastly.net/i/u/ar0/95deb1f76753403c857c63be5e2656bd.jpg
[2025-03-22 17:28:31] Scraped image for Novembers Doom:
https://lastfm.freetls.fastly.net/i/u/ar0/d51c78cd37724939983df72da9b7bf6f.jpg
[2025-03-22 17:28:32] Scraped image for Draconian:
https://lastfm.freetls.fastly.net/i/u/ar0/21f54eb034d99f4c9a96aa2f913c118e.jpg
[2025-03-22 17:28:33] Scraped image for Hanging Garden:
https://lastfm.freetls.fastly.net/i/u/ar0/0e8a5012d7b2f81b91e5ee94c808e88a.jpg
[2025-03-22 17:28:35] Scraped image for Dawn of Solace:
https://lastfm.freetls.fastly.net/i/u/ar0/bd510b4da87d4def063871fdbdbf41ea.jpg
[2025-03-22 17:28:37] Scraped image for Trees Of Eternity:
https://lastfm.freetls.fastly.net/i/u/ar0/4bb72a73ef55cbddbbf5d2e9d7c7d691.jpg
[2025-03-22 17:29:49] Scraped image for Gunship:
https://lastfm.freetls.fastly.net/i/u/ar0/1a27117d0429259b1cfe781f32d70454.jpg
[2025-03-22 17:29:51] Scraped image for The Bad Dreamers:
https://lastfm.freetls.fastly.net/i/u/ar0/3d570e5438fa375ebd1cd8495e6a1c46.jpg
[2025-03-22 17:29:52] Scraped image for LeBrock:
https://lastfm.freetls.fastly.net/i/u/ar0/b675601eba65bfeb4bb4c448bf57abb9.jpg
[2025-03-22 17:29:54] Scraped image for Timecop1983:
https://lastfm.freetls.fastly.net/i/u/ar0/d51f593395555b3458aa8a068a82d94c.jpg
[2025-03-22 17:29:55] Scraped image for Kalax:
https://lastfm.freetls.fastly.net/i/u/ar0/d7cab4ac0cbd760bbae2a2eb9245798c.jpg
[2025-03-22 17:29:57] Scraped image for michael oakley:
https://lastfm.freetls.fastly.net/i/u/ar0/492e624b04362609971575764838fe85.jpg
[2025-03-22 17:29:59] Scraped image for Ollie Wride:
https://lastfm.freetls.fastly.net/i/u/ar0/38ff7e130547fecc22f1abb9698e5af7.jpg
[2025-03-22 17:30:00] Scraped image for September 87:
https://lastfm.freetls.fastly.net/i/u/ar0/685eaa7d96ee923710881b5c820f8a15.jpg
[2025-03-22 17:30:01] Scraped image for FM-84:
https://lastfm.freetls.fastly.net/i/u/ar0/298643f072ca1452b72ca043ed105955.jpg
[2025-03-22 17:30:03] Scraped image for W O L F C L U B:
https://lastfm.freetls.fastly.net/i/u/ar0/cd01f99dad049e1cbff3223b6b6438cc.jpg
[2025-03-22 17:32:46] Scraped image for Keep of Kalessin:
https://lastfm.freetls.fastly.net/i/u/ar0/a23ebe2869384b00a2793535df1b74f3.jpg
[2025-03-22 17:32:46] Scraped image for Old Man's Child:
https://lastfm.freetls.fastly.net/i/u/ar0/a12ff78d33a997e4ebc6edc5c625913d.jpg
[2025-03-22 17:32:46] Scraped image for Obtained Enslavement:
https://lastfm.freetls.fastly.net/i/u/ar0/96b0e136d35c460dc686a24053974a1f.jpg
[2025-03-22 17:32:46] Scraped image for Abigor:
https://lastfm.freetls.fastly.net/i/u/ar0/8503708ad82c95729958705efcbe451f.jpg
[2025-03-22 17:32:47] Scraped image for Ancient:
https://lastfm.freetls.fastly.net/i/u/ar0/56d7795e2e9049c39bee8e218d66f603.jpg
[2025-03-22 17:32:47] Scraped image for Solefald:
https://lastfm.freetls.fastly.net/i/u/ar0/73948fc2e4fdfa6ffcd18c7bcf18d27b.jpg
[2025-03-22 17:32:47] Scraped image for Limbonic Art:
https://lastfm.freetls.fastly.net/i/u/ar0/1ff2d4a5871d6ede054ae3c415b5ef2b.jpg
[2025-03-22 17:32:48] Scraped image for Sigh:
https://lastfm.freetls.fastly.net/i/u/ar0/e09e55758889236fd95bda71d7ea9bd9.jpg
[2025-03-22 17:32:48] Scraped image for Dødheimsgard:
https://lastfm.freetls.fastly.net/i/u/ar0/eb1eaf5233fc97741f45aa48a76b9aa0.jpg
[2025-03-22 17:32:48] Scraped image for Arcturus:
https://lastfm.freetls.fastly.net/i/u/ar0/f06886b4556a4b1cb17f12a82e5e8ec1.jpg
[2025-03-22 17:35:10] Scraped image for Dark Tranquillity:
https://lastfm.freetls.fastly.net/i/u/ar0/161c545a1f836eef21e32925a4ccd7aa.jpg
[2025-03-22 17:35:12] Scraped image for Sonic Syndicate:
https://lastfm.freetls.fastly.net/i/u/ar0/d434d4e97e3849caacff7f95489a317f.jpg
[2025-03-22 17:35:13] Scraped image for Children of Bodom:
https://lastfm.freetls.fastly.net/i/u/ar0/66b7b6a8669149b4c91c5c9368363ccc.jpg
[2025-03-22 17:35:15] Scraped image for At the Gates:
https://lastfm.freetls.fastly.net/i/u/ar0/86c81a2dc7985da6832e5b5aad38cad4.jpg
[2025-03-22 17:35:16] Scraped image for Arch Enemy:
https://lastfm.freetls.fastly.net/i/u/ar0/7c4eb1126a5544409222e15928eeeadf.jpg
[2025-03-22 17:35:18] Scraped image for Amon Amarth:
https://lastfm.freetls.fastly.net/i/u/ar0/ffa9eb3bc9586f8dedd0d9c4a3fdec50.jpg
[2025-03-22 17:35:20] Scraped image for Soilwork:
https://lastfm.freetls.fastly.net/i/u/ar0/f8fa1c53a60b4f1890577fe4c614d68b.jpg
[2025-03-22 17:35:23] Scraped image for The Halo Effect:
https://lastfm.freetls.fastly.net/i/u/ar0/aabd53f7e7385d16213e3d16ecb6449c.jpg
[2025-03-22 17:35:25] Scraped image for Scar Symmetry:
https://lastfm.freetls.fastly.net/i/u/ar0/bf3abcbb6b5ca81e48718b2b3953d05d.jpg
[2025-03-22 17:35:27] Scraped image for Insomnium:
https://lastfm.freetls.fastly.net/i/u/ar0/dd1d0c619fe94c35836e977adc75dd84.jpg
[2025-03-22 17:37:32] Scraped image for Abigor:
https://lastfm.freetls.fastly.net/i/u/ar0/8503708ad82c95729958705efcbe451f.jpg
[2025-03-22 17:37:32] Scraped image for Obtained Enslavement:
https://lastfm.freetls.fastly.net/i/u/ar0/96b0e136d35c460dc686a24053974a1f.jpg
[2025-03-22 17:37:32] Scraped image for Ancient:
https://lastfm.freetls.fastly.net/i/u/ar0/56d7795e2e9049c39bee8e218d66f603.jpg
[2025-03-22 17:37:32] Scraped image for Arcturus:
https://lastfm.freetls.fastly.net/i/u/ar0/f06886b4556a4b1cb17f12a82e5e8ec1.jpg
[2025-03-22 17:37:33] Scraped image for Dødheimsgard:
https://lastfm.freetls.fastly.net/i/u/ar0/eb1eaf5233fc97741f45aa48a76b9aa0.jpg
[2025-03-22 17:37:33] Scraped image for Limbonic Art:
https://lastfm.freetls.fastly.net/i/u/ar0/1ff2d4a5871d6ede054ae3c415b5ef2b.jpg
[2025-03-22 17:37:33] Scraped image for Old Man's Child:
https://lastfm.freetls.fastly.net/i/u/ar0/a12ff78d33a997e4ebc6edc5c625913d.jpg
[2025-03-22 17:37:34] Scraped image for Keep of Kalessin:
https://lastfm.freetls.fastly.net/i/u/ar0/a23ebe2869384b00a2793535df1b74f3.jpg
[2025-03-22 17:37:34] Scraped image for Sigh:
https://lastfm.freetls.fastly.net/i/u/ar0/e09e55758889236fd95bda71d7ea9bd9.jpg
[2025-03-22 17:37:34] Scraped image for Solefald:
https://lastfm.freetls.fastly.net/i/u/ar0/73948fc2e4fdfa6ffcd18c7bcf18d27b.jpg
[2025-03-22 17:38:38] Scraped image for Phaserland:
https://lastfm.freetls.fastly.net/i/u/ar0/39c17d804400ecd19b8f974f54bf97a5.jpg
[2025-03-22 17:38:40] Scraped image for Miami Nights 1984:
https://lastfm.freetls.fastly.net/i/u/ar0/58d8b1c7aa7e4f2ecf60865f06fac921.jpg
[2025-03-22 17:38:41] Scraped image for Jordan F:
https://lastfm.freetls.fastly.net/i/u/ar0/7998b0f690ed76036d6f2de9ae3401d3.jpg
[2025-03-22 17:38:43] Scraped image for Waveshaper:
https://lastfm.freetls.fastly.net/i/u/ar0/b0fe8bb456b85f0442c312f9eef06d14.jpg
[2025-03-22 17:38:44] Scraped image for Dynatron:
https://lastfm.freetls.fastly.net/i/u/ar0/32b1949aa6c81ab371537cbc4e62326c.jpg
[2025-03-22 17:38:45] Scraped image for Droid Bishop:
https://lastfm.freetls.fastly.net/i/u/ar0/b30f8cba23034c4bcc844f51b01422f9.jpg
[2025-03-22 17:38:47] Scraped image for Betamaxx:
https://lastfm.freetls.fastly.net/i/u/ar0/6361b42f43c0ff70b5936584786a86fa.jpg
[2025-03-22 17:38:49] Scraped image for Duett:
https://lastfm.freetls.fastly.net/i/u/ar0/ae1b45cb896cb2b66dc26714ab126b46.jpg
[2025-03-22 17:38:50] Scraped image for Lost Years:
https://lastfm.freetls.fastly.net/i/u/ar0/adf1938449ba9f6111b467ff23be5572.jpg
[2025-03-22 17:38:51] Scraped image for Lazerhawk:
https://lastfm.freetls.fastly.net/i/u/ar0/8eb50679b74f7134f47709a4ae0e3ba3.jpg
